<?xml version="1.0" encoding="UTF-8" ?>
<testsuites>
  <testsuite errors="0" failures="0" hostname="kaba-temple.local" id="0" name="JUnit Jupiter" package="" skipped="0" tests="17" time="7.341" timestamp="2021-08-07T23:41:13">
    <properties>
[...]
</properties>

    <testcase classname="forest.tests.ForestDataRepositoryTest" name="Nodeの名前が100文字以上の例外をキャッチできるかテスト()" time="0.004">
      <system-out><![CDATA[
unique-id: [engine:junit-jupiter]/[class:forest.tests.ForestDataRepositoryTest]/[method:Nodeの名前が100文字以上の例外をキャッチできるかテスト()]
display-name: Nodeの名前が100文字以上の例外をキャッチできるかテスト()
]]></system-out>

    </testcase>

    <testcase classname="forest.tests.CombinationOutsideTest" name="BranchDataの最後のNodeのnameとBranchModelの最後のNodeのnameが一致する()" time="0">
      <system-out><![CDATA[
unique-id: [engine:junit-jupiter]/[class:forest.tests.CombinationOutsideTest]/[method:BranchDataの最後のNodeのnameとBranchModelの最後のNodeのnameが一致する()]
display-name: BranchDataの最後のNodeのnameとBranchModelの最後のNodeのnameが一致する()
]]></system-out>

    </testcase>

    <testcase classname="forest.tests.ForestDataRepositoryTest" name="Nodeの個数が10000以上の例外をキャッチできるかテスト()" time="0.162">
      <system-out><![CDATA[
unique-id: [engine:junit-jupiter]/[class:forest.tests.ForestDataRepositoryTest]/[method:Nodeの個数が10000以上の例外をキャッチできるかテスト()]
display-name: Nodeの個数が10000以上の例外をキャッチできるかテスト()
]]></system-out>

    </testcase>

    <testcase classname="forest.tests.CombinationOutsideTest" name="BranchDataの先頭NodeのnameとBranchModelの先頭Nodeのnameが一致する()" time="7.083">
      <system-out><![CDATA[
unique-id: [engine:junit-jupiter]/[class:forest.tests.CombinationOutsideTest]/[method:BranchDataの先頭NodeのnameとBranchModelの先頭Nodeのnameが一致する()]
display-name: BranchDataの先頭NodeのnameとBranchModelの先頭Nodeのnameが一致する()
]]></system-out>

    </testcase>

    <testcase classname="forest.tests.NodeDataTest" name="コンストラクタで設定したnameが値と一致する()" time="0">
      <system-out><![CDATA[
unique-id: [engine:junit-jupiter]/[class:forest.tests.NodeDataTest]/[method:コンストラクタで設定したnameが値と一致する()]
display-name: コンストラクタで設定したnameが値と一致する()
]]></system-out>

    </testcase>

    <testcase classname="forest.tests.ForestDataRepositoryTest" name="Nodeの文字列形式がフォーマット通りではなかった場合の例外をキャッチできるかテスト()" time="0.006">
      <system-out><![CDATA[
unique-id: [engine:junit-jupiter]/[class:forest.tests.ForestDataRepositoryTest]/[method:Nodeの文字列形式がフォーマット通りではなかった場合の例外をキャッチできるかテスト()]
display-name: Nodeの文字列形式がフォーマット通りではなかった場合の例外をキャッチできるかテスト()
]]></system-out>

    </testcase>

    <testcase classname="forest.tests.ForestDataRepositoryTest" name="属性ラベルの文字列形式がフォーマット通りではなかった場合の例外をキャッチできるかテスト()" time="0.004">
      <system-out><![CDATA[
unique-id: [engine:junit-jupiter]/[class:forest.tests.ForestDataRepositoryTest]/[method:属性ラベルの文字列形式がフォーマット通りではなかった場合の例外をキャッチできるかテスト()]
display-name: 属性ラベルの文字列形式がフォーマット通りではなかった場合の例外をキャッチできるかテスト()
]]></system-out>

    </testcase>

    <testcase classname="forest.tests.BranchDataTest" name="コンストラクタで設定したendNodeDataと値が一致する()" time="0">
      <system-out><![CDATA[
unique-id: [engine:junit-jupiter]/[class:forest.tests.BranchDataTest]/[method:コンストラクタで設定したendNodeDataと値が一致する()]
display-name: コンストラクタで設定したendNodeDataと値が一致する()
]]></system-out>

    </testcase>

    <testcase classname="forest.tests.ForestDataRepositoryTest" name="正しくForestDataを変換できるかTest()" time="0.007">
      <system-out><![CDATA[
unique-id: [engine:junit-jupiter]/[class:forest.tests.ForestDataRepositoryTest]/[method:正しくForestDataを変換できるかTest()]
display-name: 正しくForestDataを変換できるかTest()
]]></system-out>

    </testcase>

    <testcase classname="forest.tests.SampleTest" name="testSuccess()" time="0.001">
      <system-out><![CDATA[
unique-id: [engine:junit-jupiter]/[class:forest.tests.SampleTest]/[method:testSuccess()]
display-name: testSuccess()
]]></system-out>

    </testcase>

    <testcase classname="forest.tests.ForestDataTest" name="コンストラクタで設定したbranchListと値がすべて一致する()" time="0">
      <system-out><![CDATA[
unique-id: [engine:junit-jupiter]/[class:forest.tests.ForestDataTest]/[method:コンストラクタで設定したbranchListと値がすべて一致する()]
display-name: コンストラクタで設定したbranchListと値がすべて一致する()
]]></system-out>

    </testcase>

    <testcase classname="forest.tests.NodeDataTest" name="コンストラクタで設定したidが値と一致する()" time="0">
      <system-out><![CDATA[
unique-id: [engine:junit-jupiter]/[class:forest.tests.NodeDataTest]/[method:コンストラクタで設定したidが値と一致する()]
display-name: コンストラクタで設定したidが値と一致する()
]]></system-out>

    </testcase>

    <testcase classname="forest.tests.CombinationOutsideTest" name="BranchDataの先頭NodeのidとBranchModelの先頭Nodeのidが一致する()" time="0">
      <system-out><![CDATA[
unique-id: [engine:junit-jupiter]/[class:forest.tests.CombinationOutsideTest]/[method:BranchDataの先頭NodeのidとBranchModelの先頭Nodeのidが一致する()]
display-name: BranchDataの先頭NodeのidとBranchModelの先頭Nodeのidが一致する()
]]></system-out>

    </testcase>

    <testcase classname="forest.tests.ForestDataTest" name="コンストラクタで設定したnodeListと値がすべて一致する()" time="0">
      <system-out><![CDATA[
unique-id: [engine:junit-jupiter]/[class:forest.tests.ForestDataTest]/[method:コンストラクタで設定したnodeListと値がすべて一致する()]
display-name: コンストラクタで設定したnodeListと値がすべて一致する()
]]></system-out>

    </testcase>

    <testcase classname="forest.tests.ForestDataRepositoryTest" name="Branchの文字列形式がフォーマット通りではなかった場合の例外をキャッチできるかテスト()" time="0.004">
      <system-out><![CDATA[
unique-id: [engine:junit-jupiter]/[class:forest.tests.ForestDataRepositoryTest]/[method:Branchの文字列形式がフォーマット通りではなかった場合の例外をキャッチできるかテスト()]
display-name: Branchの文字列形式がフォーマット通りではなかった場合の例外をキャッチできるかテスト()
]]></system-out>

    </testcase>

    <testcase classname="forest.tests.BranchDataTest" name="コンストラクタで設定したstartNodeDataと値が一致する()" time="0">
      <system-out><![CDATA[
unique-id: [engine:junit-jupiter]/[class:forest.tests.BranchDataTest]/[method:コンストラクタで設定したstartNodeDataと値が一致する()]
display-name: コンストラクタで設定したstartNodeDataと値が一致する()
]]></system-out>

    </testcase>

    <testcase classname="forest.tests.CombinationOutsideTest" name="BranchDataの最後のNodeのidとBranchModelの最後のNodeのidが一致する()" time="0">
      <system-out><![CDATA[
unique-id: [engine:junit-jupiter]/[class:forest.tests.CombinationOutsideTest]/[method:BranchDataの最後のNodeのidとBranchModelの最後のNodeのidが一致する()]
display-name: BranchDataの最後のNodeのidとBranchModelの最後のNodeのidが一致する()
]]></system-out>

    </testcase>

    <system-out><![CDATA[
unique-id: [engine:junit-jupiter]
display-name: JUnit Jupiter
]]></system-out>

  </testsuite>
  <testsuite errors="0" failures="0" hostname="kaba-temple.local" id="1" name="JUnit Vintage" package="" skipped="0" tests="0" time="0.001" timestamp="2021-08-07T23:41:13">
    <properties>
[...]
</properties>

    <system-out><![CDATA[
unique-id: [engine:junit-vintage]
display-name: JUnit Vintage
]]></system-out>

  </testsuite>
</testsuites>
