<?xml version="1.0" encoding="UTF-8"?>
<testsuite name="JUnit Jupiter" tests="17" skipped="0" failures="0" errors="0" time="7.341" hostname="kaba-temple.local" timestamp="2021-08-07T23:41:13">
<properties>
[...]
</properties>
<testcase name="Nodeの名前が100文字以上の例外をキャッチできるかテスト()" classname="forest.tests.ForestDataRepositoryTest" time="0.004">
<system-out><![CDATA[
unique-id: [engine:junit-jupiter]/[class:forest.tests.ForestDataRepositoryTest]/[method:Nodeの名前が100文字以上の例外をキャッチできるかテスト()]
display-name: Nodeの名前が100文字以上の例外をキャッチできるかテスト()
]]></system-out>
</testcase>
<testcase name="BranchDataの最後のNodeのnameとBranchModelの最後のNodeのnameが一致する()" classname="forest.tests.CombinationOutsideTest" time="0">
<system-out><![CDATA[
unique-id: [engine:junit-jupiter]/[class:forest.tests.CombinationOutsideTest]/[method:BranchDataの最後のNodeのnameとBranchModelの最後のNodeのnameが一致する()]
display-name: BranchDataの最後のNodeのnameとBranchModelの最後のNodeのnameが一致する()
]]></system-out>
</testcase>
<testcase name="Nodeの個数が10000以上の例外をキャッチできるかテスト()" classname="forest.tests.ForestDataRepositoryTest" time="0.162">
<system-out><![CDATA[
unique-id: [engine:junit-jupiter]/[class:forest.tests.ForestDataRepositoryTest]/[method:Nodeの個数が10000以上の例外をキャッチできるかテスト()]
display-name: Nodeの個数が10000以上の例外をキャッチできるかテスト()
]]></system-out>
</testcase>
<testcase name="BranchDataの先頭NodeのnameとBranchModelの先頭Nodeのnameが一致する()" classname="forest.tests.CombinationOutsideTest" time="7.083">
<system-out><![CDATA[
unique-id: [engine:junit-jupiter]/[class:forest.tests.CombinationOutsideTest]/[method:BranchDataの先頭NodeのnameとBranchModelの先頭Nodeのnameが一致する()]
display-name: BranchDataの先頭NodeのnameとBranchModelの先頭Nodeのnameが一致する()
]]></system-out>
</testcase>
<testcase name="コンストラクタで設定したnameが値と一致する()" classname="forest.tests.NodeDataTest" time="0">
<system-out><![CDATA[
unique-id: [engine:junit-jupiter]/[class:forest.tests.NodeDataTest]/[method:コンストラクタで設定したnameが値と一致する()]
display-name: コンストラクタで設定したnameが値と一致する()
]]></system-out>
</testcase>
<testcase name="Nodeの文字列形式がフォーマット通りではなかった場合の例外をキャッチできるかテスト()" classname="forest.tests.ForestDataRepositoryTest" time="0.006">
<system-out><![CDATA[
unique-id: [engine:junit-jupiter]/[class:forest.tests.ForestDataRepositoryTest]/[method:Nodeの文字列形式がフォーマット通りではなかった場合の例外をキャッチできるかテスト()]
display-name: Nodeの文字列形式がフォーマット通りではなかった場合の例外をキャッチできるかテスト()
]]></system-out>
</testcase>
<testcase name="属性ラベルの文字列形式がフォーマット通りではなかった場合の例外をキャッチできるかテスト()" classname="forest.tests.ForestDataRepositoryTest" time="0.004">
<system-out><![CDATA[
unique-id: [engine:junit-jupiter]/[class:forest.tests.ForestDataRepositoryTest]/[method:属性ラベルの文字列形式がフォーマット通りではなかった場合の例外をキャッチできるかテスト()]
display-name: 属性ラベルの文字列形式がフォーマット通りではなかった場合の例外をキャッチできるかテスト()
]]></system-out>
</testcase>
<testcase name="コンストラクタで設定したendNodeDataと値が一致する()" classname="forest.tests.BranchDataTest" time="0">
<system-out><![CDATA[
unique-id: [engine:junit-jupiter]/[class:forest.tests.BranchDataTest]/[method:コンストラクタで設定したendNodeDataと値が一致する()]
display-name: コンストラクタで設定したendNodeDataと値が一致する()
]]></system-out>
</testcase>
<testcase name="正しくForestDataを変換できるかTest()" classname="forest.tests.ForestDataRepositoryTest" time="0.007">
<system-out><![CDATA[
unique-id: [engine:junit-jupiter]/[class:forest.tests.ForestDataRepositoryTest]/[method:正しくForestDataを変換できるかTest()]
display-name: 正しくForestDataを変換できるかTest()
]]></system-out>
</testcase>
<testcase name="testSuccess()" classname="forest.tests.SampleTest" time="0.001">
<system-out><![CDATA[
unique-id: [engine:junit-jupiter]/[class:forest.tests.SampleTest]/[method:testSuccess()]
display-name: testSuccess()
]]></system-out>
</testcase>
<testcase name="コンストラクタで設定したbranchListと値がすべて一致する()" classname="forest.tests.ForestDataTest" time="0">
<system-out><![CDATA[
unique-id: [engine:junit-jupiter]/[class:forest.tests.ForestDataTest]/[method:コンストラクタで設定したbranchListと値がすべて一致する()]
display-name: コンストラクタで設定したbranchListと値がすべて一致する()
]]></system-out>
</testcase>
<testcase name="コンストラクタで設定したidが値と一致する()" classname="forest.tests.NodeDataTest" time="0">
<system-out><![CDATA[
unique-id: [engine:junit-jupiter]/[class:forest.tests.NodeDataTest]/[method:コンストラクタで設定したidが値と一致する()]
display-name: コンストラクタで設定したidが値と一致する()
]]></system-out>
</testcase>
<testcase name="BranchDataの先頭NodeのidとBranchModelの先頭Nodeのidが一致する()" classname="forest.tests.CombinationOutsideTest" time="0">
<system-out><![CDATA[
unique-id: [engine:junit-jupiter]/[class:forest.tests.CombinationOutsideTest]/[method:BranchDataの先頭NodeのidとBranchModelの先頭Nodeのidが一致する()]
display-name: BranchDataの先頭NodeのidとBranchModelの先頭Nodeのidが一致する()
]]></system-out>
</testcase>
<testcase name="コンストラクタで設定したnodeListと値がすべて一致する()" classname="forest.tests.ForestDataTest" time="0">
<system-out><![CDATA[
unique-id: [engine:junit-jupiter]/[class:forest.tests.ForestDataTest]/[method:コンストラクタで設定したnodeListと値がすべて一致する()]
display-name: コンストラクタで設定したnodeListと値がすべて一致する()
]]></system-out>
</testcase>
<testcase name="Branchの文字列形式がフォーマット通りではなかった場合の例外をキャッチできるかテスト()" classname="forest.tests.ForestDataRepositoryTest" time="0.004">
<system-out><![CDATA[
unique-id: [engine:junit-jupiter]/[class:forest.tests.ForestDataRepositoryTest]/[method:Branchの文字列形式がフォーマット通りではなかった場合の例外をキャッチできるかテスト()]
display-name: Branchの文字列形式がフォーマット通りではなかった場合の例外をキャッチできるかテスト()
]]></system-out>
</testcase>
<testcase name="コンストラクタで設定したstartNodeDataと値が一致する()" classname="forest.tests.BranchDataTest" time="0">
<system-out><![CDATA[
unique-id: [engine:junit-jupiter]/[class:forest.tests.BranchDataTest]/[method:コンストラクタで設定したstartNodeDataと値が一致する()]
display-name: コンストラクタで設定したstartNodeDataと値が一致する()
]]></system-out>
</testcase>
<testcase name="BranchDataの最後のNodeのidとBranchModelの最後のNodeのidが一致する()" classname="forest.tests.CombinationOutsideTest" time="0">
<system-out><![CDATA[
unique-id: [engine:junit-jupiter]/[class:forest.tests.CombinationOutsideTest]/[method:BranchDataの最後のNodeのidとBranchModelの最後のNodeのidが一致する()]
display-name: BranchDataの最後のNodeのidとBranchModelの最後のNodeのidが一致する()
]]></system-out>
</testcase>
<system-out><![CDATA[
unique-id: [engine:junit-jupiter]
display-name: JUnit Jupiter
]]></system-out>
</testsuite>
